[8.804s] DEBUG:colcon:Command line arguments: ['/usr/bin/colcon', 'list', '-p', '--base-paths', '/home/ibrahim/Color-Detection-using-HSV']
[8.805s] DEBUG:colcon:Parsed command line arguments: Namespace(log_base=None, log_level=None, verb_name='list', build_base='build', ignore_user_meta=False, metas=['./colcon.meta'], base_paths=['/home/ibrahim/Color-Detection-using-HSV'], packages_ignore=None, packages_ignore_regex=None, paths=None, packages_up_to=None, packages_up_to_regex=None, packages_above=None, packages_above_and_dependencies=None, packages_above_depth=None, packages_select_by_dep=None, packages_skip_by_dep=None, packages_skip_up_to=None, packages_select_build_failed=False, packages_skip_build_finished=False, packages_select_test_failures=False, packages_skip_test_passed=False, packages_select=None, packages_skip=None, packages_select_regex=None, packages_skip_regex=None, packages_start=None, packages_end=None, allow_overriding=[], topological_order=False, names_only=False, paths_only=True, topological_graph=False, topological_graph_dot=False, topological_graph_density=False, topological_graph_legend=False, topological_graph_dot_cluster=False, topological_graph_dot_include_skipped=False, verb_parser=<colcon_defaults.argument_parser.defaults.DefaultArgumentsDecorator object at 0x7fbcba70f550>, verb_extension=<colcon_package_information.verb.list.ListVerb object at 0x7fbcba87e1a0>, main=<bound method ListVerb.main of <colcon_package_information.verb.list.ListVerb object at 0x7fbcba87e1a0>>)
[8.955s] Level 1:colcon.colcon_core.package_discovery:discover_packages(colcon_meta) check parameters
[8.955s] Level 1:colcon.colcon_core.package_discovery:discover_packages(recursive) check parameters
[8.955s] Level 1:colcon.colcon_core.package_discovery:discover_packages(ignore) check parameters
[8.955s] Level 1:colcon.colcon_core.package_discovery:discover_packages(path) check parameters
[8.955s] Level 1:colcon.colcon_core.package_discovery:discover_packages(recursive) discover
[8.955s] INFO:colcon.colcon_core.package_discovery:Crawling recursively for packages in '/home/ibrahim/Color-Detection-using-HSV'
[8.955s] Level 1:colcon.colcon_core.package_identification:_identify(/home/ibrahim/Color-Detection-using-HSV) by extensions ['ignore', 'ignore_ament_install']
[8.956s] Level 1:colcon.colcon_core.package_identification:_identify(/home/ibrahim/Color-Detection-using-HSV) by extension 'ignore'
[8.956s] Level 1:colcon.colcon_core.package_identification:_identify(/home/ibrahim/Color-Detection-using-HSV) by extension 'ignore_ament_install'
[8.956s] Level 1:colcon.colcon_core.package_identification:_identify(/home/ibrahim/Color-Detection-using-HSV) by extensions ['colcon_pkg']
[8.956s] Level 1:colcon.colcon_core.package_identification:_identify(/home/ibrahim/Color-Detection-using-HSV) by extension 'colcon_pkg'
[8.956s] Level 1:colcon.colcon_core.package_identification:_identify(/home/ibrahim/Color-Detection-using-HSV) by extensions ['colcon_meta']
[8.956s] Level 1:colcon.colcon_core.package_identification:_identify(/home/ibrahim/Color-Detection-using-HSV) by extension 'colcon_meta'
[8.956s] Level 1:colcon.colcon_core.package_identification:_identify(/home/ibrahim/Color-Detection-using-HSV) by extensions ['ros']
[8.956s] Level 1:colcon.colcon_core.package_identification:_identify(/home/ibrahim/Color-Detection-using-HSV) by extension 'ros'
[8.979s] Level 1:colcon.colcon_core.package_identification:_identify(/home/ibrahim/Color-Detection-using-HSV) by extensions ['cmake', 'python']
[8.980s] Level 1:colcon.colcon_core.package_identification:_identify(/home/ibrahim/Color-Detection-using-HSV) by extension 'cmake'
[8.980s] Level 1:colcon.colcon_core.package_identification:_identify(/home/ibrahim/Color-Detection-using-HSV) by extension 'python'
[8.980s] Level 1:colcon.colcon_core.package_identification:_identify(/home/ibrahim/Color-Detection-using-HSV) by extensions ['python_setup_py']
[8.980s] Level 1:colcon.colcon_core.package_identification:_identify(/home/ibrahim/Color-Detection-using-HSV) by extension 'python_setup_py'
[8.980s] Level 1:colcon.colcon_core.package_identification:_identify(/home/ibrahim/Color-Detection-using-HSV/Color detection) by extensions ['ignore', 'ignore_ament_install']
[8.980s] Level 1:colcon.colcon_core.package_identification:_identify(/home/ibrahim/Color-Detection-using-HSV/Color detection) by extension 'ignore'
[8.980s] Level 1:colcon.colcon_core.package_identification:_identify(/home/ibrahim/Color-Detection-using-HSV/Color detection) by extension 'ignore_ament_install'
[8.981s] Level 1:colcon.colcon_core.package_identification:_identify(/home/ibrahim/Color-Detection-using-HSV/Color detection) by extensions ['colcon_pkg']
[8.981s] Level 1:colcon.colcon_core.package_identification:_identify(/home/ibrahim/Color-Detection-using-HSV/Color detection) by extension 'colcon_pkg'
[8.981s] Level 1:colcon.colcon_core.package_identification:_identify(/home/ibrahim/Color-Detection-using-HSV/Color detection) by extensions ['colcon_meta']
[8.981s] Level 1:colcon.colcon_core.package_identification:_identify(/home/ibrahim/Color-Detection-using-HSV/Color detection) by extension 'colcon_meta'
[8.981s] Level 1:colcon.colcon_core.package_identification:_identify(/home/ibrahim/Color-Detection-using-HSV/Color detection) by extensions ['ros']
[8.981s] Level 1:colcon.colcon_core.package_identification:_identify(/home/ibrahim/Color-Detection-using-HSV/Color detection) by extension 'ros'
[8.981s] Level 1:colcon.colcon_core.package_identification:_identify(/home/ibrahim/Color-Detection-using-HSV/Color detection) by extensions ['cmake', 'python']
[8.981s] Level 1:colcon.colcon_core.package_identification:_identify(/home/ibrahim/Color-Detection-using-HSV/Color detection) by extension 'cmake'
[8.981s] Level 1:colcon.colcon_core.package_identification:_identify(/home/ibrahim/Color-Detection-using-HSV/Color detection) by extension 'python'
[8.981s] Level 1:colcon.colcon_core.package_identification:_identify(/home/ibrahim/Color-Detection-using-HSV/Color detection) by extensions ['python_setup_py']
[8.981s] Level 1:colcon.colcon_core.package_identification:_identify(/home/ibrahim/Color-Detection-using-HSV/Color detection) by extension 'python_setup_py'
[8.982s] Level 1:colcon.colcon_core.package_identification:_identify(/home/ibrahim/Color-Detection-using-HSV/Color detection/include) by extensions ['ignore', 'ignore_ament_install']
[8.982s] Level 1:colcon.colcon_core.package_identification:_identify(/home/ibrahim/Color-Detection-using-HSV/Color detection/include) by extension 'ignore'
[8.982s] Level 1:colcon.colcon_core.package_identification:_identify(/home/ibrahim/Color-Detection-using-HSV/Color detection/include) by extension 'ignore_ament_install'
[8.982s] Level 1:colcon.colcon_core.package_identification:_identify(/home/ibrahim/Color-Detection-using-HSV/Color detection/include) by extensions ['colcon_pkg']
[8.982s] Level 1:colcon.colcon_core.package_identification:_identify(/home/ibrahim/Color-Detection-using-HSV/Color detection/include) by extension 'colcon_pkg'
[8.982s] Level 1:colcon.colcon_core.package_identification:_identify(/home/ibrahim/Color-Detection-using-HSV/Color detection/include) by extensions ['colcon_meta']
[8.982s] Level 1:colcon.colcon_core.package_identification:_identify(/home/ibrahim/Color-Detection-using-HSV/Color detection/include) by extension 'colcon_meta'
[8.983s] Level 1:colcon.colcon_core.package_identification:_identify(/home/ibrahim/Color-Detection-using-HSV/Color detection/include) by extensions ['ros']
[8.983s] Level 1:colcon.colcon_core.package_identification:_identify(/home/ibrahim/Color-Detection-using-HSV/Color detection/include) by extension 'ros'
[8.983s] Level 1:colcon.colcon_core.package_identification:_identify(/home/ibrahim/Color-Detection-using-HSV/Color detection/include) by extensions ['cmake', 'python']
[8.983s] Level 1:colcon.colcon_core.package_identification:_identify(/home/ibrahim/Color-Detection-using-HSV/Color detection/include) by extension 'cmake'
[8.983s] Level 1:colcon.colcon_core.package_identification:_identify(/home/ibrahim/Color-Detection-using-HSV/Color detection/include) by extension 'python'
[8.983s] Level 1:colcon.colcon_core.package_identification:_identify(/home/ibrahim/Color-Detection-using-HSV/Color detection/include) by extensions ['python_setup_py']
[8.983s] Level 1:colcon.colcon_core.package_identification:_identify(/home/ibrahim/Color-Detection-using-HSV/Color detection/include) by extension 'python_setup_py'
[8.983s] Level 1:colcon.colcon_core.package_identification:_identify(/home/ibrahim/Color-Detection-using-HSV/Color detection/lib) by extensions ['ignore', 'ignore_ament_install']
[8.984s] Level 1:colcon.colcon_core.package_identification:_identify(/home/ibrahim/Color-Detection-using-HSV/Color detection/lib) by extension 'ignore'
[8.984s] Level 1:colcon.colcon_core.package_identification:_identify(/home/ibrahim/Color-Detection-using-HSV/Color detection/lib) by extension 'ignore_ament_install'
[8.984s] Level 1:colcon.colcon_core.package_identification:_identify(/home/ibrahim/Color-Detection-using-HSV/Color detection/lib) by extensions ['colcon_pkg']
[8.984s] Level 1:colcon.colcon_core.package_identification:_identify(/home/ibrahim/Color-Detection-using-HSV/Color detection/lib) by extension 'colcon_pkg'
[8.984s] Level 1:colcon.colcon_core.package_identification:_identify(/home/ibrahim/Color-Detection-using-HSV/Color detection/lib) by extensions ['colcon_meta']
[8.984s] Level 1:colcon.colcon_core.package_identification:_identify(/home/ibrahim/Color-Detection-using-HSV/Color detection/lib) by extension 'colcon_meta'
[8.984s] Level 1:colcon.colcon_core.package_identification:_identify(/home/ibrahim/Color-Detection-using-HSV/Color detection/lib) by extensions ['ros']
[8.984s] Level 1:colcon.colcon_core.package_identification:_identify(/home/ibrahim/Color-Detection-using-HSV/Color detection/lib) by extension 'ros'
[8.984s] Level 1:colcon.colcon_core.package_identification:_identify(/home/ibrahim/Color-Detection-using-HSV/Color detection/lib) by extensions ['cmake', 'python']
[8.984s] Level 1:colcon.colcon_core.package_identification:_identify(/home/ibrahim/Color-Detection-using-HSV/Color detection/lib) by extension 'cmake'
[8.985s] Level 1:colcon.colcon_core.package_identification:_identify(/home/ibrahim/Color-Detection-using-HSV/Color detection/lib) by extension 'python'
[8.985s] Level 1:colcon.colcon_core.package_identification:_identify(/home/ibrahim/Color-Detection-using-HSV/Color detection/lib) by extensions ['python_setup_py']
[8.985s] Level 1:colcon.colcon_core.package_identification:_identify(/home/ibrahim/Color-Detection-using-HSV/Color detection/lib) by extension 'python_setup_py'
[8.985s] Level 1:colcon.colcon_core.package_identification:_identify(/home/ibrahim/Color-Detection-using-HSV/Color detection/lib/Camera Configuration) by extensions ['ignore', 'ignore_ament_install']
[8.985s] Level 1:colcon.colcon_core.package_identification:_identify(/home/ibrahim/Color-Detection-using-HSV/Color detection/lib/Camera Configuration) by extension 'ignore'
[8.985s] Level 1:colcon.colcon_core.package_identification:_identify(/home/ibrahim/Color-Detection-using-HSV/Color detection/lib/Camera Configuration) by extension 'ignore_ament_install'
[8.986s] Level 1:colcon.colcon_core.package_identification:_identify(/home/ibrahim/Color-Detection-using-HSV/Color detection/lib/Camera Configuration) by extensions ['colcon_pkg']
[8.986s] Level 1:colcon.colcon_core.package_identification:_identify(/home/ibrahim/Color-Detection-using-HSV/Color detection/lib/Camera Configuration) by extension 'colcon_pkg'
[8.986s] Level 1:colcon.colcon_core.package_identification:_identify(/home/ibrahim/Color-Detection-using-HSV/Color detection/lib/Camera Configuration) by extensions ['colcon_meta']
[8.986s] Level 1:colcon.colcon_core.package_identification:_identify(/home/ibrahim/Color-Detection-using-HSV/Color detection/lib/Camera Configuration) by extension 'colcon_meta'
[8.986s] Level 1:colcon.colcon_core.package_identification:_identify(/home/ibrahim/Color-Detection-using-HSV/Color detection/lib/Camera Configuration) by extensions ['ros']
[8.986s] Level 1:colcon.colcon_core.package_identification:_identify(/home/ibrahim/Color-Detection-using-HSV/Color detection/lib/Camera Configuration) by extension 'ros'
[8.986s] Level 1:colcon.colcon_core.package_identification:_identify(/home/ibrahim/Color-Detection-using-HSV/Color detection/lib/Camera Configuration) by extensions ['cmake', 'python']
[8.986s] Level 1:colcon.colcon_core.package_identification:_identify(/home/ibrahim/Color-Detection-using-HSV/Color detection/lib/Camera Configuration) by extension 'cmake'
[8.986s] Level 1:colcon.colcon_core.package_identification:_identify(/home/ibrahim/Color-Detection-using-HSV/Color detection/lib/Camera Configuration) by extension 'python'
[8.986s] Level 1:colcon.colcon_core.package_identification:_identify(/home/ibrahim/Color-Detection-using-HSV/Color detection/lib/Camera Configuration) by extensions ['python_setup_py']
[8.987s] Level 1:colcon.colcon_core.package_identification:_identify(/home/ibrahim/Color-Detection-using-HSV/Color detection/lib/Camera Configuration) by extension 'python_setup_py'
[8.987s] Level 1:colcon.colcon_core.package_identification:_identify(/home/ibrahim/Color-Detection-using-HSV/Color detection/lib/esp32cam-main) by extensions ['ignore', 'ignore_ament_install']
[8.987s] Level 1:colcon.colcon_core.package_identification:_identify(/home/ibrahim/Color-Detection-using-HSV/Color detection/lib/esp32cam-main) by extension 'ignore'
[8.987s] Level 1:colcon.colcon_core.package_identification:_identify(/home/ibrahim/Color-Detection-using-HSV/Color detection/lib/esp32cam-main) by extension 'ignore_ament_install'
[8.987s] Level 1:colcon.colcon_core.package_identification:_identify(/home/ibrahim/Color-Detection-using-HSV/Color detection/lib/esp32cam-main) by extensions ['colcon_pkg']
[8.987s] Level 1:colcon.colcon_core.package_identification:_identify(/home/ibrahim/Color-Detection-using-HSV/Color detection/lib/esp32cam-main) by extension 'colcon_pkg'
[8.987s] Level 1:colcon.colcon_core.package_identification:_identify(/home/ibrahim/Color-Detection-using-HSV/Color detection/lib/esp32cam-main) by extensions ['colcon_meta']
[8.988s] Level 1:colcon.colcon_core.package_identification:_identify(/home/ibrahim/Color-Detection-using-HSV/Color detection/lib/esp32cam-main) by extension 'colcon_meta'
[8.988s] Level 1:colcon.colcon_core.package_identification:_identify(/home/ibrahim/Color-Detection-using-HSV/Color detection/lib/esp32cam-main) by extensions ['ros']
[8.988s] Level 1:colcon.colcon_core.package_identification:_identify(/home/ibrahim/Color-Detection-using-HSV/Color detection/lib/esp32cam-main) by extension 'ros'
[8.988s] Level 1:colcon.colcon_core.package_identification:_identify(/home/ibrahim/Color-Detection-using-HSV/Color detection/lib/esp32cam-main) by extensions ['cmake', 'python']
[8.988s] Level 1:colcon.colcon_core.package_identification:_identify(/home/ibrahim/Color-Detection-using-HSV/Color detection/lib/esp32cam-main) by extension 'cmake'
[8.988s] Level 1:colcon.colcon_core.package_identification:_identify(/home/ibrahim/Color-Detection-using-HSV/Color detection/lib/esp32cam-main) by extension 'python'
[8.988s] Level 1:colcon.colcon_core.package_identification:_identify(/home/ibrahim/Color-Detection-using-HSV/Color detection/lib/esp32cam-main) by extensions ['python_setup_py']
[8.988s] Level 1:colcon.colcon_core.package_identification:_identify(/home/ibrahim/Color-Detection-using-HSV/Color detection/lib/esp32cam-main) by extension 'python_setup_py'
[8.988s] Level 1:colcon.colcon_core.package_identification:_identify(/home/ibrahim/Color-Detection-using-HSV/Color detection/lib/esp32cam-main/docs) by extensions ['ignore', 'ignore_ament_install']
[8.989s] Level 1:colcon.colcon_core.package_identification:_identify(/home/ibrahim/Color-Detection-using-HSV/Color detection/lib/esp32cam-main/docs) by extension 'ignore'
[8.989s] Level 1:colcon.colcon_core.package_identification:_identify(/home/ibrahim/Color-Detection-using-HSV/Color detection/lib/esp32cam-main/docs) by extension 'ignore_ament_install'
[8.989s] Level 1:colcon.colcon_core.package_identification:_identify(/home/ibrahim/Color-Detection-using-HSV/Color detection/lib/esp32cam-main/docs) by extensions ['colcon_pkg']
[8.989s] Level 1:colcon.colcon_core.package_identification:_identify(/home/ibrahim/Color-Detection-using-HSV/Color detection/lib/esp32cam-main/docs) by extension 'colcon_pkg'
[8.989s] Level 1:colcon.colcon_core.package_identification:_identify(/home/ibrahim/Color-Detection-using-HSV/Color detection/lib/esp32cam-main/docs) by extensions ['colcon_meta']
[8.989s] Level 1:colcon.colcon_core.package_identification:_identify(/home/ibrahim/Color-Detection-using-HSV/Color detection/lib/esp32cam-main/docs) by extension 'colcon_meta'
[8.989s] Level 1:colcon.colcon_core.package_identification:_identify(/home/ibrahim/Color-Detection-using-HSV/Color detection/lib/esp32cam-main/docs) by extensions ['ros']
[8.989s] Level 1:colcon.colcon_core.package_identification:_identify(/home/ibrahim/Color-Detection-using-HSV/Color detection/lib/esp32cam-main/docs) by extension 'ros'
[8.990s] Level 1:colcon.colcon_core.package_identification:_identify(/home/ibrahim/Color-Detection-using-HSV/Color detection/lib/esp32cam-main/docs) by extensions ['cmake', 'python']
[8.990s] Level 1:colcon.colcon_core.package_identification:_identify(/home/ibrahim/Color-Detection-using-HSV/Color detection/lib/esp32cam-main/docs) by extension 'cmake'
[8.990s] Level 1:colcon.colcon_core.package_identification:_identify(/home/ibrahim/Color-Detection-using-HSV/Color detection/lib/esp32cam-main/docs) by extension 'python'
[8.990s] Level 1:colcon.colcon_core.package_identification:_identify(/home/ibrahim/Color-Detection-using-HSV/Color detection/lib/esp32cam-main/docs) by extensions ['python_setup_py']
[8.990s] Level 1:colcon.colcon_core.package_identification:_identify(/home/ibrahim/Color-Detection-using-HSV/Color detection/lib/esp32cam-main/docs) by extension 'python_setup_py'
[8.990s] Level 1:colcon.colcon_core.package_identification:_identify(/home/ibrahim/Color-Detection-using-HSV/Color detection/lib/esp32cam-main/examples) by extensions ['ignore', 'ignore_ament_install']
[8.991s] Level 1:colcon.colcon_core.package_identification:_identify(/home/ibrahim/Color-Detection-using-HSV/Color detection/lib/esp32cam-main/examples) by extension 'ignore'
[8.991s] Level 1:colcon.colcon_core.package_identification:_identify(/home/ibrahim/Color-Detection-using-HSV/Color detection/lib/esp32cam-main/examples) by extension 'ignore_ament_install'
[8.991s] Level 1:colcon.colcon_core.package_identification:_identify(/home/ibrahim/Color-Detection-using-HSV/Color detection/lib/esp32cam-main/examples) by extensions ['colcon_pkg']
[8.991s] Level 1:colcon.colcon_core.package_identification:_identify(/home/ibrahim/Color-Detection-using-HSV/Color detection/lib/esp32cam-main/examples) by extension 'colcon_pkg'
[8.991s] Level 1:colcon.colcon_core.package_identification:_identify(/home/ibrahim/Color-Detection-using-HSV/Color detection/lib/esp32cam-main/examples) by extensions ['colcon_meta']
[8.991s] Level 1:colcon.colcon_core.package_identification:_identify(/home/ibrahim/Color-Detection-using-HSV/Color detection/lib/esp32cam-main/examples) by extension 'colcon_meta'
[8.991s] Level 1:colcon.colcon_core.package_identification:_identify(/home/ibrahim/Color-Detection-using-HSV/Color detection/lib/esp32cam-main/examples) by extensions ['ros']
[8.992s] Level 1:colcon.colcon_core.package_identification:_identify(/home/ibrahim/Color-Detection-using-HSV/Color detection/lib/esp32cam-main/examples) by extension 'ros'
[8.992s] Level 1:colcon.colcon_core.package_identification:_identify(/home/ibrahim/Color-Detection-using-HSV/Color detection/lib/esp32cam-main/examples) by extensions ['cmake', 'python']
[8.992s] Level 1:colcon.colcon_core.package_identification:_identify(/home/ibrahim/Color-Detection-using-HSV/Color detection/lib/esp32cam-main/examples) by extension 'cmake'
[8.992s] Level 1:colcon.colcon_core.package_identification:_identify(/home/ibrahim/Color-Detection-using-HSV/Color detection/lib/esp32cam-main/examples) by extension 'python'
[8.992s] Level 1:colcon.colcon_core.package_identification:_identify(/home/ibrahim/Color-Detection-using-HSV/Color detection/lib/esp32cam-main/examples) by extensions ['python_setup_py']
[8.992s] Level 1:colcon.colcon_core.package_identification:_identify(/home/ibrahim/Color-Detection-using-HSV/Color detection/lib/esp32cam-main/examples) by extension 'python_setup_py'
[8.992s] Level 1:colcon.colcon_core.package_identification:_identify(/home/ibrahim/Color-Detection-using-HSV/Color detection/lib/esp32cam-main/examples/AsyncCam) by extensions ['ignore', 'ignore_ament_install']
[8.993s] Level 1:colcon.colcon_core.package_identification:_identify(/home/ibrahim/Color-Detection-using-HSV/Color detection/lib/esp32cam-main/examples/AsyncCam) by extension 'ignore'
[8.993s] Level 1:colcon.colcon_core.package_identification:_identify(/home/ibrahim/Color-Detection-using-HSV/Color detection/lib/esp32cam-main/examples/AsyncCam) by extension 'ignore_ament_install'
[8.993s] Level 1:colcon.colcon_core.package_identification:_identify(/home/ibrahim/Color-Detection-using-HSV/Color detection/lib/esp32cam-main/examples/AsyncCam) by extensions ['colcon_pkg']
[8.993s] Level 1:colcon.colcon_core.package_identification:_identify(/home/ibrahim/Color-Detection-using-HSV/Color detection/lib/esp32cam-main/examples/AsyncCam) by extension 'colcon_pkg'
[8.993s] Level 1:colcon.colcon_core.package_identification:_identify(/home/ibrahim/Color-Detection-using-HSV/Color detection/lib/esp32cam-main/examples/AsyncCam) by extensions ['colcon_meta']
[8.993s] Level 1:colcon.colcon_core.package_identification:_identify(/home/ibrahim/Color-Detection-using-HSV/Color detection/lib/esp32cam-main/examples/AsyncCam) by extension 'colcon_meta'
[8.993s] Level 1:colcon.colcon_core.package_identification:_identify(/home/ibrahim/Color-Detection-using-HSV/Color detection/lib/esp32cam-main/examples/AsyncCam) by extensions ['ros']
[8.993s] Level 1:colcon.colcon_core.package_identification:_identify(/home/ibrahim/Color-Detection-using-HSV/Color detection/lib/esp32cam-main/examples/AsyncCam) by extension 'ros'
[8.994s] Level 1:colcon.colcon_core.package_identification:_identify(/home/ibrahim/Color-Detection-using-HSV/Color detection/lib/esp32cam-main/examples/AsyncCam) by extensions ['cmake', 'python']
[8.994s] Level 1:colcon.colcon_core.package_identification:_identify(/home/ibrahim/Color-Detection-using-HSV/Color detection/lib/esp32cam-main/examples/AsyncCam) by extension 'cmake'
[8.994s] Level 1:colcon.colcon_core.package_identification:_identify(/home/ibrahim/Color-Detection-using-HSV/Color detection/lib/esp32cam-main/examples/AsyncCam) by extension 'python'
[8.994s] Level 1:colcon.colcon_core.package_identification:_identify(/home/ibrahim/Color-Detection-using-HSV/Color detection/lib/esp32cam-main/examples/AsyncCam) by extensions ['python_setup_py']
[8.994s] Level 1:colcon.colcon_core.package_identification:_identify(/home/ibrahim/Color-Detection-using-HSV/Color detection/lib/esp32cam-main/examples/AsyncCam) by extension 'python_setup_py'
[8.997s] Level 1:colcon.colcon_core.package_identification:_identify(/home/ibrahim/Color-Detection-using-HSV/Color detection/lib/esp32cam-main/examples/GoDisplay) by extensions ['ignore', 'ignore_ament_install']
[8.997s] Level 1:colcon.colcon_core.package_identification:_identify(/home/ibrahim/Color-Detection-using-HSV/Color detection/lib/esp32cam-main/examples/GoDisplay) by extension 'ignore'
[8.997s] Level 1:colcon.colcon_core.package_identification:_identify(/home/ibrahim/Color-Detection-using-HSV/Color detection/lib/esp32cam-main/examples/GoDisplay) by extension 'ignore_ament_install'
[8.997s] Level 1:colcon.colcon_core.package_identification:_identify(/home/ibrahim/Color-Detection-using-HSV/Color detection/lib/esp32cam-main/examples/GoDisplay) by extensions ['colcon_pkg']
[8.997s] Level 1:colcon.colcon_core.package_identification:_identify(/home/ibrahim/Color-Detection-using-HSV/Color detection/lib/esp32cam-main/examples/GoDisplay) by extension 'colcon_pkg'
[8.997s] Level 1:colcon.colcon_core.package_identification:_identify(/home/ibrahim/Color-Detection-using-HSV/Color detection/lib/esp32cam-main/examples/GoDisplay) by extensions ['colcon_meta']
[8.997s] Level 1:colcon.colcon_core.package_identification:_identify(/home/ibrahim/Color-Detection-using-HSV/Color detection/lib/esp32cam-main/examples/GoDisplay) by extension 'colcon_meta'
[8.998s] Level 1:colcon.colcon_core.package_identification:_identify(/home/ibrahim/Color-Detection-using-HSV/Color detection/lib/esp32cam-main/examples/GoDisplay) by extensions ['ros']
[8.998s] Level 1:colcon.colcon_core.package_identification:_identify(/home/ibrahim/Color-Detection-using-HSV/Color detection/lib/esp32cam-main/examples/GoDisplay) by extension 'ros'
[8.998s] Level 1:colcon.colcon_core.package_identification:_identify(/home/ibrahim/Color-Detection-using-HSV/Color detection/lib/esp32cam-main/examples/GoDisplay) by extensions ['cmake', 'python']
[8.998s] Level 1:colcon.colcon_core.package_identification:_identify(/home/ibrahim/Color-Detection-using-HSV/Color detection/lib/esp32cam-main/examples/GoDisplay) by extension 'cmake'
[8.998s] Level 1:colcon.colcon_core.package_identification:_identify(/home/ibrahim/Color-Detection-using-HSV/Color detection/lib/esp32cam-main/examples/GoDisplay) by extension 'python'
[8.998s] Level 1:colcon.colcon_core.package_identification:_identify(/home/ibrahim/Color-Detection-using-HSV/Color detection/lib/esp32cam-main/examples/GoDisplay) by extensions ['python_setup_py']
[8.998s] Level 1:colcon.colcon_core.package_identification:_identify(/home/ibrahim/Color-Detection-using-HSV/Color detection/lib/esp32cam-main/examples/GoDisplay) by extension 'python_setup_py'
[8.999s] Level 1:colcon.colcon_core.package_identification:_identify(/home/ibrahim/Color-Detection-using-HSV/Color detection/lib/esp32cam-main/examples/WifiCam) by extensions ['ignore', 'ignore_ament_install']
[8.999s] Level 1:colcon.colcon_core.package_identification:_identify(/home/ibrahim/Color-Detection-using-HSV/Color detection/lib/esp32cam-main/examples/WifiCam) by extension 'ignore'
[8.999s] Level 1:colcon.colcon_core.package_identification:_identify(/home/ibrahim/Color-Detection-using-HSV/Color detection/lib/esp32cam-main/examples/WifiCam) by extension 'ignore_ament_install'
[8.999s] Level 1:colcon.colcon_core.package_identification:_identify(/home/ibrahim/Color-Detection-using-HSV/Color detection/lib/esp32cam-main/examples/WifiCam) by extensions ['colcon_pkg']
[8.999s] Level 1:colcon.colcon_core.package_identification:_identify(/home/ibrahim/Color-Detection-using-HSV/Color detection/lib/esp32cam-main/examples/WifiCam) by extension 'colcon_pkg'
[8.999s] Level 1:colcon.colcon_core.package_identification:_identify(/home/ibrahim/Color-Detection-using-HSV/Color detection/lib/esp32cam-main/examples/WifiCam) by extensions ['colcon_meta']
[8.999s] Level 1:colcon.colcon_core.package_identification:_identify(/home/ibrahim/Color-Detection-using-HSV/Color detection/lib/esp32cam-main/examples/WifiCam) by extension 'colcon_meta'
[9.000s] Level 1:colcon.colcon_core.package_identification:_identify(/home/ibrahim/Color-Detection-using-HSV/Color detection/lib/esp32cam-main/examples/WifiCam) by extensions ['ros']
[9.000s] Level 1:colcon.colcon_core.package_identification:_identify(/home/ibrahim/Color-Detection-using-HSV/Color detection/lib/esp32cam-main/examples/WifiCam) by extension 'ros'
[9.000s] Level 1:colcon.colcon_core.package_identification:_identify(/home/ibrahim/Color-Detection-using-HSV/Color detection/lib/esp32cam-main/examples/WifiCam) by extensions ['cmake', 'python']
[9.000s] Level 1:colcon.colcon_core.package_identification:_identify(/home/ibrahim/Color-Detection-using-HSV/Color detection/lib/esp32cam-main/examples/WifiCam) by extension 'cmake'
[9.000s] Level 1:colcon.colcon_core.package_identification:_identify(/home/ibrahim/Color-Detection-using-HSV/Color detection/lib/esp32cam-main/examples/WifiCam) by extension 'python'
[9.000s] Level 1:colcon.colcon_core.package_identification:_identify(/home/ibrahim/Color-Detection-using-HSV/Color detection/lib/esp32cam-main/examples/WifiCam) by extensions ['python_setup_py']
[9.000s] Level 1:colcon.colcon_core.package_identification:_identify(/home/ibrahim/Color-Detection-using-HSV/Color detection/lib/esp32cam-main/examples/WifiCam) by extension 'python_setup_py'
[9.000s] Level 1:colcon.colcon_core.package_identification:_identify(/home/ibrahim/Color-Detection-using-HSV/Color detection/lib/esp32cam-main/mk) by extensions ['ignore', 'ignore_ament_install']
[9.001s] Level 1:colcon.colcon_core.package_identification:_identify(/home/ibrahim/Color-Detection-using-HSV/Color detection/lib/esp32cam-main/mk) by extension 'ignore'
[9.001s] Level 1:colcon.colcon_core.package_identification:_identify(/home/ibrahim/Color-Detection-using-HSV/Color detection/lib/esp32cam-main/mk) by extension 'ignore_ament_install'
[9.001s] Level 1:colcon.colcon_core.package_identification:_identify(/home/ibrahim/Color-Detection-using-HSV/Color detection/lib/esp32cam-main/mk) by extensions ['colcon_pkg']
[9.001s] Level 1:colcon.colcon_core.package_identification:_identify(/home/ibrahim/Color-Detection-using-HSV/Color detection/lib/esp32cam-main/mk) by extension 'colcon_pkg'
[9.001s] Level 1:colcon.colcon_core.package_identification:_identify(/home/ibrahim/Color-Detection-using-HSV/Color detection/lib/esp32cam-main/mk) by extensions ['colcon_meta']
[9.002s] Level 1:colcon.colcon_core.package_identification:_identify(/home/ibrahim/Color-Detection-using-HSV/Color detection/lib/esp32cam-main/mk) by extension 'colcon_meta'
[9.002s] Level 1:colcon.colcon_core.package_identification:_identify(/home/ibrahim/Color-Detection-using-HSV/Color detection/lib/esp32cam-main/mk) by extensions ['ros']
[9.002s] Level 1:colcon.colcon_core.package_identification:_identify(/home/ibrahim/Color-Detection-using-HSV/Color detection/lib/esp32cam-main/mk) by extension 'ros'
[9.002s] Level 1:colcon.colcon_core.package_identification:_identify(/home/ibrahim/Color-Detection-using-HSV/Color detection/lib/esp32cam-main/mk) by extensions ['cmake', 'python']
[9.002s] Level 1:colcon.colcon_core.package_identification:_identify(/home/ibrahim/Color-Detection-using-HSV/Color detection/lib/esp32cam-main/mk) by extension 'cmake'
[9.002s] Level 1:colcon.colcon_core.package_identification:_identify(/home/ibrahim/Color-Detection-using-HSV/Color detection/lib/esp32cam-main/mk) by extension 'python'
[9.002s] Level 1:colcon.colcon_core.package_identification:_identify(/home/ibrahim/Color-Detection-using-HSV/Color detection/lib/esp32cam-main/mk) by extensions ['python_setup_py']
[9.002s] Level 1:colcon.colcon_core.package_identification:_identify(/home/ibrahim/Color-Detection-using-HSV/Color detection/lib/esp32cam-main/mk) by extension 'python_setup_py'
[9.003s] Level 1:colcon.colcon_core.package_identification:_identify(/home/ibrahim/Color-Detection-using-HSV/Color detection/lib/esp32cam-main/src) by extensions ['ignore', 'ignore_ament_install']
[9.003s] Level 1:colcon.colcon_core.package_identification:_identify(/home/ibrahim/Color-Detection-using-HSV/Color detection/lib/esp32cam-main/src) by extension 'ignore'
[9.003s] Level 1:colcon.colcon_core.package_identification:_identify(/home/ibrahim/Color-Detection-using-HSV/Color detection/lib/esp32cam-main/src) by extension 'ignore_ament_install'
[9.003s] Level 1:colcon.colcon_core.package_identification:_identify(/home/ibrahim/Color-Detection-using-HSV/Color detection/lib/esp32cam-main/src) by extensions ['colcon_pkg']
[9.003s] Level 1:colcon.colcon_core.package_identification:_identify(/home/ibrahim/Color-Detection-using-HSV/Color detection/lib/esp32cam-main/src) by extension 'colcon_pkg'
[9.003s] Level 1:colcon.colcon_core.package_identification:_identify(/home/ibrahim/Color-Detection-using-HSV/Color detection/lib/esp32cam-main/src) by extensions ['colcon_meta']
[9.003s] Level 1:colcon.colcon_core.package_identification:_identify(/home/ibrahim/Color-Detection-using-HSV/Color detection/lib/esp32cam-main/src) by extension 'colcon_meta'
[9.004s] Level 1:colcon.colcon_core.package_identification:_identify(/home/ibrahim/Color-Detection-using-HSV/Color detection/lib/esp32cam-main/src) by extensions ['ros']
[9.004s] Level 1:colcon.colcon_core.package_identification:_identify(/home/ibrahim/Color-Detection-using-HSV/Color detection/lib/esp32cam-main/src) by extension 'ros'
[9.004s] Level 1:colcon.colcon_core.package_identification:_identify(/home/ibrahim/Color-Detection-using-HSV/Color detection/lib/esp32cam-main/src) by extensions ['cmake', 'python']
[9.004s] Level 1:colcon.colcon_core.package_identification:_identify(/home/ibrahim/Color-Detection-using-HSV/Color detection/lib/esp32cam-main/src) by extension 'cmake'
[9.004s] Level 1:colcon.colcon_core.package_identification:_identify(/home/ibrahim/Color-Detection-using-HSV/Color detection/lib/esp32cam-main/src) by extension 'python'
[9.004s] Level 1:colcon.colcon_core.package_identification:_identify(/home/ibrahim/Color-Detection-using-HSV/Color detection/lib/esp32cam-main/src) by extensions ['python_setup_py']
[9.004s] Level 1:colcon.colcon_core.package_identification:_identify(/home/ibrahim/Color-Detection-using-HSV/Color detection/lib/esp32cam-main/src) by extension 'python_setup_py'
[9.004s] Level 1:colcon.colcon_core.package_identification:_identify(/home/ibrahim/Color-Detection-using-HSV/Color detection/lib/esp32cam-main/src/internal) by extensions ['ignore', 'ignore_ament_install']
[9.005s] Level 1:colcon.colcon_core.package_identification:_identify(/home/ibrahim/Color-Detection-using-HSV/Color detection/lib/esp32cam-main/src/internal) by extension 'ignore'
[9.005s] Level 1:colcon.colcon_core.package_identification:_identify(/home/ibrahim/Color-Detection-using-HSV/Color detection/lib/esp32cam-main/src/internal) by extension 'ignore_ament_install'
[9.005s] Level 1:colcon.colcon_core.package_identification:_identify(/home/ibrahim/Color-Detection-using-HSV/Color detection/lib/esp32cam-main/src/internal) by extensions ['colcon_pkg']
[9.005s] Level 1:colcon.colcon_core.package_identification:_identify(/home/ibrahim/Color-Detection-using-HSV/Color detection/lib/esp32cam-main/src/internal) by extension 'colcon_pkg'
[9.005s] Level 1:colcon.colcon_core.package_identification:_identify(/home/ibrahim/Color-Detection-using-HSV/Color detection/lib/esp32cam-main/src/internal) by extensions ['colcon_meta']
[9.005s] Level 1:colcon.colcon_core.package_identification:_identify(/home/ibrahim/Color-Detection-using-HSV/Color detection/lib/esp32cam-main/src/internal) by extension 'colcon_meta'
[9.005s] Level 1:colcon.colcon_core.package_identification:_identify(/home/ibrahim/Color-Detection-using-HSV/Color detection/lib/esp32cam-main/src/internal) by extensions ['ros']
[9.005s] Level 1:colcon.colcon_core.package_identification:_identify(/home/ibrahim/Color-Detection-using-HSV/Color detection/lib/esp32cam-main/src/internal) by extension 'ros'
[9.006s] Level 1:colcon.colcon_core.package_identification:_identify(/home/ibrahim/Color-Detection-using-HSV/Color detection/lib/esp32cam-main/src/internal) by extensions ['cmake', 'python']
[9.006s] Level 1:colcon.colcon_core.package_identification:_identify(/home/ibrahim/Color-Detection-using-HSV/Color detection/lib/esp32cam-main/src/internal) by extension 'cmake'
[9.006s] Level 1:colcon.colcon_core.package_identification:_identify(/home/ibrahim/Color-Detection-using-HSV/Color detection/lib/esp32cam-main/src/internal) by extension 'python'
[9.006s] Level 1:colcon.colcon_core.package_identification:_identify(/home/ibrahim/Color-Detection-using-HSV/Color detection/lib/esp32cam-main/src/internal) by extensions ['python_setup_py']
[9.006s] Level 1:colcon.colcon_core.package_identification:_identify(/home/ibrahim/Color-Detection-using-HSV/Color detection/lib/esp32cam-main/src/internal) by extension 'python_setup_py'
[9.006s] Level 1:colcon.colcon_core.package_identification:_identify(/home/ibrahim/Color-Detection-using-HSV/Color detection/src) by extensions ['ignore', 'ignore_ament_install']
[9.006s] Level 1:colcon.colcon_core.package_identification:_identify(/home/ibrahim/Color-Detection-using-HSV/Color detection/src) by extension 'ignore'
[9.007s] Level 1:colcon.colcon_core.package_identification:_identify(/home/ibrahim/Color-Detection-using-HSV/Color detection/src) by extension 'ignore_ament_install'
[9.007s] Level 1:colcon.colcon_core.package_identification:_identify(/home/ibrahim/Color-Detection-using-HSV/Color detection/src) by extensions ['colcon_pkg']
[9.007s] Level 1:colcon.colcon_core.package_identification:_identify(/home/ibrahim/Color-Detection-using-HSV/Color detection/src) by extension 'colcon_pkg'
[9.007s] Level 1:colcon.colcon_core.package_identification:_identify(/home/ibrahim/Color-Detection-using-HSV/Color detection/src) by extensions ['colcon_meta']
[9.007s] Level 1:colcon.colcon_core.package_identification:_identify(/home/ibrahim/Color-Detection-using-HSV/Color detection/src) by extension 'colcon_meta'
[9.007s] Level 1:colcon.colcon_core.package_identification:_identify(/home/ibrahim/Color-Detection-using-HSV/Color detection/src) by extensions ['ros']
[9.007s] Level 1:colcon.colcon_core.package_identification:_identify(/home/ibrahim/Color-Detection-using-HSV/Color detection/src) by extension 'ros'
[9.007s] Level 1:colcon.colcon_core.package_identification:_identify(/home/ibrahim/Color-Detection-using-HSV/Color detection/src) by extensions ['cmake', 'python']
[9.007s] Level 1:colcon.colcon_core.package_identification:_identify(/home/ibrahim/Color-Detection-using-HSV/Color detection/src) by extension 'cmake'
[9.008s] Level 1:colcon.colcon_core.package_identification:_identify(/home/ibrahim/Color-Detection-using-HSV/Color detection/src) by extension 'python'
[9.008s] Level 1:colcon.colcon_core.package_identification:_identify(/home/ibrahim/Color-Detection-using-HSV/Color detection/src) by extensions ['python_setup_py']
[9.008s] Level 1:colcon.colcon_core.package_identification:_identify(/home/ibrahim/Color-Detection-using-HSV/Color detection/src) by extension 'python_setup_py'
[9.008s] Level 1:colcon.colcon_core.package_identification:_identify(/home/ibrahim/Color-Detection-using-HSV/Color detection/test) by extensions ['ignore', 'ignore_ament_install']
[9.008s] Level 1:colcon.colcon_core.package_identification:_identify(/home/ibrahim/Color-Detection-using-HSV/Color detection/test) by extension 'ignore'
[9.008s] Level 1:colcon.colcon_core.package_identification:_identify(/home/ibrahim/Color-Detection-using-HSV/Color detection/test) by extension 'ignore_ament_install'
[9.008s] Level 1:colcon.colcon_core.package_identification:_identify(/home/ibrahim/Color-Detection-using-HSV/Color detection/test) by extensions ['colcon_pkg']
[9.008s] Level 1:colcon.colcon_core.package_identification:_identify(/home/ibrahim/Color-Detection-using-HSV/Color detection/test) by extension 'colcon_pkg'
[9.008s] Level 1:colcon.colcon_core.package_identification:_identify(/home/ibrahim/Color-Detection-using-HSV/Color detection/test) by extensions ['colcon_meta']
[9.009s] Level 1:colcon.colcon_core.package_identification:_identify(/home/ibrahim/Color-Detection-using-HSV/Color detection/test) by extension 'colcon_meta'
[9.009s] Level 1:colcon.colcon_core.package_identification:_identify(/home/ibrahim/Color-Detection-using-HSV/Color detection/test) by extensions ['ros']
[9.009s] Level 1:colcon.colcon_core.package_identification:_identify(/home/ibrahim/Color-Detection-using-HSV/Color detection/test) by extension 'ros'
[9.009s] Level 1:colcon.colcon_core.package_identification:_identify(/home/ibrahim/Color-Detection-using-HSV/Color detection/test) by extensions ['cmake', 'python']
[9.009s] Level 1:colcon.colcon_core.package_identification:_identify(/home/ibrahim/Color-Detection-using-HSV/Color detection/test) by extension 'cmake'
[9.009s] Level 1:colcon.colcon_core.package_identification:_identify(/home/ibrahim/Color-Detection-using-HSV/Color detection/test) by extension 'python'
[9.009s] Level 1:colcon.colcon_core.package_identification:_identify(/home/ibrahim/Color-Detection-using-HSV/Color detection/test) by extensions ['python_setup_py']
[9.009s] Level 1:colcon.colcon_core.package_identification:_identify(/home/ibrahim/Color-Detection-using-HSV/Color detection/test) by extension 'python_setup_py'
[9.010s] Level 1:colcon.colcon_core.package_identification:_identify(/home/ibrahim/Color-Detection-using-HSV/log) by extensions ['ignore', 'ignore_ament_install']
[9.010s] Level 1:colcon.colcon_core.package_identification:_identify(/home/ibrahim/Color-Detection-using-HSV/log) by extension 'ignore'
[9.010s] Level 1:colcon.colcon_core.package_identification:_identify(/home/ibrahim/Color-Detection-using-HSV/log) ignored
[9.010s] Level 1:colcon.colcon_core.package_discovery:discover_packages(recursive) using defaults
